<?xml version="1.0" encoding="UTF-8"?>
<!-- Generated by org.testng.reporters.JUnitReportReporter -->
<testsuite skipped="0" hostname="DESKTOP-HFV982H" name="Magentotest" tests="1" failures="0" timestamp="28 Jan 2020 06:27:00 GMT" time="70.283" errors="0">
  <testcase name="test" time="70.283" classname="Magentotest"/>
</testsuite> <!-- Magentotest -->
